[2026-01-31T00:03:18.856235] [INIT-6071] [SYS_BOOT] [INIT_STOCK] [photon_torpedo_mk25] [48067] [VOID] -> [ARS-ALPHA-MAIN]
[2026-01-31T00:03:18.856333] [INIT-3482] [SYS_BOOT] [INIT_STOCK] [photon_torpedo_mk25] [89764] [VOID] -> [ARS-BETA-MAIN]
[2026-01-31T00:03:18.856376] [INIT-3061] [SYS_BOOT] [INIT_STOCK] [photon_torpedo_mk25] [517111] [VOID] -> [ARS-KEEL-RES]
[2026-01-31T00:03:18.856412] [INIT-9774] [SYS_BOOT] [INIT_STOCK] [photon_torpedo_mk25] [1927] [VOID] -> [MAG-Alpha-Prime]
[2026-01-31T00:03:18.856449] [INIT-9894] [SYS_BOOT] [INIT_STOCK] [photon_torpedo_mk25] [958] [VOID] -> [MAG-Deep-Alpha]
[2026-01-31T00:03:18.856491] [INIT-9084] [SYS_BOOT] [INIT_STOCK] [photon_torpedo_mk25] [1224] [VOID] -> [MAG-Batt-A1]
[2026-01-31T00:03:18.856535] [INIT-9562] [SYS_BOOT] [INIT_STOCK] [photon_torpedo_mk25] [1145] [VOID] -> [MAG-Batt-A2]
[2026-01-31T00:03:18.856579] [INIT-4330] [SYS_BOOT] [INIT_STOCK] [photon_torpedo_mk25] [1152] [VOID] -> [MAG-Batt-A3]
[2026-01-31T00:03:18.856620] [INIT-2051] [SYS_BOOT] [INIT_STOCK] [photon_torpedo_mk25] [1163] [VOID] -> [MAG-Batt-A4]
[2026-01-31T00:03:18.856655] [INIT-9869] [SYS_BOOT] [INIT_STOCK] [photon_torpedo_mk25] [1179] [VOID] -> [MAG-Batt-A5]
[2026-01-31T00:03:18.856696] [INIT-5081] [SYS_BOOT] [INIT_STOCK] [photon_torpedo_mk25] [1233] [VOID] -> [MAG-Batt-A6]
[2026-01-31T00:03:18.856735] [INIT-4626] [SYS_BOOT] [INIT_STOCK] [photon_torpedo_mk25] [1250] [VOID] -> [MAG-Batt-A7]
[2026-01-31T00:03:18.856773] [INIT-6810] [SYS_BOOT] [INIT_STOCK] [photon_torpedo_mk25] [1230] [VOID] -> [MAG-Batt-A8]
[2026-01-31T00:03:18.856810] [INIT-6438] [SYS_BOOT] [INIT_STOCK] [photon_torpedo_mk25] [1511] [VOID] -> [MAG-Pylon-A1]
[2026-01-31T00:03:18.856846] [INIT-8637] [SYS_BOOT] [INIT_STOCK] [photon_torpedo_mk25] [1394] [VOID] -> [MAG-Pylon-A2]
[2026-01-31T00:03:18.856881] [INIT-2116] [SYS_BOOT] [INIT_STOCK] [photon_torpedo_mk25] [1414] [VOID] -> [MAG-Pylon-A3]
[2026-01-31T00:03:18.856908] [INIT-3714] [SYS_BOOT] [INIT_STOCK] [photon_torpedo_mk25] [1488] [VOID] -> [MAG-Pylon-A4]
[2026-01-31T00:03:18.856934] [INIT-7121] [SYS_BOOT] [INIT_STOCK] [photon_torpedo_mk25] [1072] [VOID] -> [MAG-Beta-Prime]
[2026-01-31T00:03:18.856961] [INIT-9090] [SYS_BOOT] [INIT_STOCK] [photon_torpedo_mk25] [1015] [VOID] -> [MAG-Deep-Beta]
[2026-01-31T00:03:18.856987] [INIT-8409] [SYS_BOOT] [INIT_STOCK] [photon_torpedo_mk25] [1165] [VOID] -> [MAG-Batt-B1]
[2026-01-31T00:03:18.857013] [INIT-5578] [SYS_BOOT] [INIT_STOCK] [photon_torpedo_mk25] [1259] [VOID] -> [MAG-Batt-B2]
[2026-01-31T00:03:18.857039] [INIT-5409] [SYS_BOOT] [INIT_STOCK] [photon_torpedo_mk25] [1140] [VOID] -> [MAG-Batt-B3]
[2026-01-31T00:03:18.857068] [INIT-2549] [SYS_BOOT] [INIT_STOCK] [photon_torpedo_mk25] [1178] [VOID] -> [MAG-Batt-B4]
[2026-01-31T00:03:18.857096] [INIT-7529] [SYS_BOOT] [INIT_STOCK] [photon_torpedo_mk25] [1246] [VOID] -> [MAG-Batt-B5]
[2026-01-31T00:03:18.857121] [INIT-8034] [SYS_BOOT] [INIT_STOCK] [photon_torpedo_mk25] [1229] [VOID] -> [MAG-Batt-B6]
[2026-01-31T00:03:18.857149] [INIT-8125] [SYS_BOOT] [INIT_STOCK] [photon_torpedo_mk25] [1210] [VOID] -> [MAG-Batt-B7]
[2026-01-31T00:03:18.857178] [INIT-8269] [SYS_BOOT] [INIT_STOCK] [photon_torpedo_mk25] [1199] [VOID] -> [MAG-Batt-B8]
[2026-01-31T00:03:18.857204] [INIT-7376] [SYS_BOOT] [INIT_STOCK] [photon_torpedo_mk25] [1638] [VOID] -> [MAG-Pylon-B1]
[2026-01-31T00:03:18.857230] [INIT-3151] [SYS_BOOT] [INIT_STOCK] [photon_torpedo_mk25] [1522] [VOID] -> [MAG-Pylon-B2]
[2026-01-31T00:03:18.857258] [INIT-1432] [SYS_BOOT] [INIT_STOCK] [photon_torpedo_mk25] [1671] [VOID] -> [MAG-Pylon-B3]
[2026-01-31T00:03:18.857287] [INIT-9888] [SYS_BOOT] [INIT_STOCK] [photon_torpedo_mk25] [1566] [VOID] -> [MAG-Pylon-B4]
